

============================== 2023-01-18 14:18:41.099819 | 9286d62b-e772-4572-8220-bd9265d8fdb0 ==============================
[0m14:18:41.099819 [info ] [MainThread]: Running with dbt=1.3.2
[0m14:18:41.101817 [debug] [MainThread]: running dbt with arguments {'write_json': True, 'use_colors': True, 'printer_width': 80, 'version_check': True, 'partial_parse': True, 'static_parser': True, 'profiles_dir': 'C:\\Users\\ADMIN\\.dbt', 'send_anonymous_usage_stats': True, 'event_buffer_size': 100000, 'quiet': False, 'no_print': False, 'cache_selected_only': False, 'project_name': 'spark', 'skip_profile_setup': False, 'which': 'init', 'indirect_selection': 'eager'}
[0m14:18:41.103817 [debug] [MainThread]: Tracking: tracking
[0m14:18:41.182949 [debug] [MainThread]: Sending event: {'category': 'dbt', 'action': 'invocation', 'label': 'start', 'context': [<snowplow_tracker.self_describing_json.SelfDescribingJson object at 0x000001CD2951D060>, <snowplow_tracker.self_describing_json.SelfDescribingJson object at 0x000001CD2951FD90>, <snowplow_tracker.self_describing_json.SelfDescribingJson object at 0x000001CD2951FF10>]}
[0m14:18:41.209195 [debug] [MainThread]: Starter project path: C:\Users\ADMIN\AppData\Local\Programs\Python\Python310\lib\site-packages\dbt\include\starter_project
[0m14:22:05.538339 [info ] [MainThread]: Profile spark written to C:\Users\ADMIN\.dbt\profiles.yml using target's profile_template.yml and your supplied values. Run 'dbt debug' to validate the connection.
[0m14:22:05.539341 [info ] [MainThread]: 
Your new dbt project "spark" was created!

For more information on how to configure the profiles.yml file,
please consult the dbt documentation here:

  https://docs.getdbt.com/docs/configure-your-profile

One more thing:

Need help? Don't hesitate to reach out to us via GitHub issues or on Slack:

  https://community.getdbt.com/

Happy modeling!

[0m14:22:05.540332 [debug] [MainThread]: Sending event: {'category': 'dbt', 'action': 'invocation', 'label': 'end', 'context': [<snowplow_tracker.self_describing_json.SelfDescribingJson object at 0x000001CD2951FDF0>, <snowplow_tracker.self_describing_json.SelfDescribingJson object at 0x000001CD2951D060>, <snowplow_tracker.self_describing_json.SelfDescribingJson object at 0x000001CD29561180>]}
[0m14:22:05.540332 [debug] [MainThread]: Flushing usage events


============================== 2023-01-19 06:50:52.166806 | 3346c550-98a3-487d-9a16-2681d239b4f0 ==============================
[0m06:50:52.166806 [info ] [MainThread]: Running with dbt=1.3.2
[0m06:50:52.197807 [debug] [MainThread]: running dbt with arguments {'write_json': True, 'use_colors': True, 'printer_width': 80, 'version_check': True, 'partial_parse': True, 'static_parser': True, 'profiles_dir': 'C:\\Users\\ADMIN\\.dbt', 'send_anonymous_usage_stats': True, 'event_buffer_size': 100000, 'quiet': False, 'no_print': False, 'cache_selected_only': False, 'project_name': 'nithe', 'skip_profile_setup': False, 'which': 'init', 'indirect_selection': 'eager'}
[0m06:50:52.197807 [debug] [MainThread]: Tracking: tracking
[0m06:50:52.238808 [debug] [MainThread]: Sending event: {'category': 'dbt', 'action': 'invocation', 'label': 'start', 'context': [<snowplow_tracker.self_describing_json.SelfDescribingJson object at 0x00000183A4568D30>, <snowplow_tracker.self_describing_json.SelfDescribingJson object at 0x00000183A4569060>, <snowplow_tracker.self_describing_json.SelfDescribingJson object at 0x00000183A456BE20>]}
[0m06:50:52.243808 [debug] [MainThread]: Starter project path: C:\Users\ADMIN\AppData\Local\Programs\Python\Python310\lib\site-packages\dbt\include\starter_project
[0m06:54:10.810777 [info ] [MainThread]: Profile nithe written to C:\Users\ADMIN\.dbt\profiles.yml using target's profile_template.yml and your supplied values. Run 'dbt debug' to validate the connection.
[0m06:54:10.811780 [info ] [MainThread]: 
Your new dbt project "nithe" was created!

For more information on how to configure the profiles.yml file,
please consult the dbt documentation here:

  https://docs.getdbt.com/docs/configure-your-profile

One more thing:

Need help? Don't hesitate to reach out to us via GitHub issues or on Slack:

  https://community.getdbt.com/

Happy modeling!

[0m06:54:10.814778 [debug] [MainThread]: Sending event: {'category': 'dbt', 'action': 'invocation', 'label': 'end', 'context': [<snowplow_tracker.self_describing_json.SelfDescribingJson object at 0x00000183A456BE50>, <snowplow_tracker.self_describing_json.SelfDescribingJson object at 0x00000183A4568D30>, <snowplow_tracker.self_describing_json.SelfDescribingJson object at 0x00000183A45B1A50>]}
[0m06:54:10.815781 [debug] [MainThread]: Flushing usage events


============================== 2023-01-19 10:32:38.350380 | 5544d35e-be35-4a6b-a97d-84b1dc906d92 ==============================
[0m10:32:38.350380 [info ] [MainThread]: Running with dbt=1.3.2
[0m10:32:38.376378 [debug] [MainThread]: running dbt with arguments {'write_json': True, 'use_colors': True, 'printer_width': 80, 'version_check': True, 'partial_parse': True, 'static_parser': True, 'profiles_dir': 'C:\\Users\\ADMIN\\.dbt', 'send_anonymous_usage_stats': True, 'event_buffer_size': 100000, 'quiet': False, 'no_print': False, 'cache_selected_only': False, 'project_name': 'checkingcovid', 'skip_profile_setup': False, 'which': 'init', 'indirect_selection': 'eager'}
[0m10:32:38.377381 [debug] [MainThread]: Tracking: tracking
[0m10:32:38.410382 [debug] [MainThread]: Sending event: {'category': 'dbt', 'action': 'invocation', 'label': 'start', 'context': [<snowplow_tracker.self_describing_json.SelfDescribingJson object at 0x0000025AF46BBDF0>, <snowplow_tracker.self_describing_json.SelfDescribingJson object at 0x0000025AF46B8E50>, <snowplow_tracker.self_describing_json.SelfDescribingJson object at 0x0000025AF46BBE80>]}
[0m10:32:38.415383 [debug] [MainThread]: Starter project path: C:\Users\ADMIN\AppData\Local\Programs\Python\Python310\lib\site-packages\dbt\include\starter_project
[0m10:35:20.730708 [info ] [MainThread]: Profile checkingcovid written to C:\Users\ADMIN\.dbt\profiles.yml using target's profile_template.yml and your supplied values. Run 'dbt debug' to validate the connection.
[0m10:35:20.732711 [info ] [MainThread]: 
Your new dbt project "checkingcovid" was created!

For more information on how to configure the profiles.yml file,
please consult the dbt documentation here:

  https://docs.getdbt.com/docs/configure-your-profile

One more thing:

Need help? Don't hesitate to reach out to us via GitHub issues or on Slack:

  https://community.getdbt.com/

Happy modeling!

[0m10:35:20.734710 [debug] [MainThread]: Sending event: {'category': 'dbt', 'action': 'invocation', 'label': 'end', 'context': [<snowplow_tracker.self_describing_json.SelfDescribingJson object at 0x0000025AF46BBE80>, <snowplow_tracker.self_describing_json.SelfDescribingJson object at 0x0000025AF46BBDF0>, <snowplow_tracker.self_describing_json.SelfDescribingJson object at 0x0000025AF4701BA0>]}
[0m10:35:20.735707 [debug] [MainThread]: Flushing usage events
